[2025-01-20 17:02:26,680] 1025 httpx - INFO - HTTP Request: GET https://dagshub.com/api/v1/user "HTTP/1.1 200 OK"
[2025-01-20 17:02:26,695] 107 dagshub - INFO - Accessing as Harshbodhi-A
[2025-01-20 17:02:27,276] 1025 httpx - INFO - HTTP Request: GET https://dagshub.com/api/v1/repos/Harshbodhi-A/networksecurity "HTTP/1.1 200 OK"
[2025-01-20 17:02:27,813] 1025 httpx - INFO - HTTP Request: GET https://dagshub.com/api/v1/user "HTTP/1.1 200 OK"
[2025-01-20 17:02:27,825] 107 dagshub - INFO - Initialized MLflow to track repo "Harshbodhi-A/networksecurity"
[2025-01-20 17:02:27,825] 107 dagshub - INFO - Repository Harshbodhi-A/networksecurity initialized!
[2025-01-20 17:03:25,458] 42 root - INFO - Start data Ingestion
[2025-01-20 17:03:31,740] 67 root - INFO - Performed train test split on the dataframe
[2025-01-20 17:03:31,740] 69 root - INFO - Exited split_data_as_train_test method of Data_Ingestion class
[2025-01-20 17:03:31,746] 77 root - INFO - Exporting train and test file path.
[2025-01-20 17:03:31,857] 86 root - INFO - Exported train and test file path.
[2025-01-20 17:03:31,857] 45 root - INFO - Data Ingestion completed and artifact: DataIngestionArtifact(trained_file_path='Artifacts\\01_20_2025_17_02_23\\data_ingestion\\ingested\\train.csv', test_file_path='Artifacts\\01_20_2025_17_02_23\\data_ingestion\\ingested\\test.csv')
[2025-01-20 17:03:31,857] 55 root - INFO - Initiate the data Validation
[2025-01-20 17:03:31,905] 34 root - INFO - Required number of columns:2
[2025-01-20 17:03:31,905] 35 root - INFO - Data frame has columns:31
[2025-01-20 17:03:31,905] 34 root - INFO - Required number of columns:2
[2025-01-20 17:03:31,905] 35 root - INFO - Data frame has columns:31
[2025-01-20 17:03:32,176] 63 root - INFO - Entered initiate_data_transformation method of DataTransformation class
[2025-01-20 17:03:32,176] 65 root - INFO - Starting data transformation
[2025-01-20 17:03:32,225] 48 root - INFO - Entered get_data_trnasformer_object method of Trnasformation class
[2025-01-20 17:03:32,225] 53 root - INFO - Initialise KNNImputer with {'missing_values': nan, 'n_neighbors': 3, 'weights': 'uniform'}
[2025-01-20 17:03:32,246] 47 root - INFO - Entered the save_object method of MainUtils class
[2025-01-20 17:03:32,251] 51 root - INFO - Exited the save_object method of MainUtils class
[2025-01-20 17:03:32,251] 47 root - INFO - Entered the save_object method of MainUtils class
[2025-01-20 17:03:32,256] 51 root - INFO - Exited the save_object method of MainUtils class
[2025-01-20 17:08:58,839] 47 root - INFO - Entered the save_object method of MainUtils class
[2025-01-20 17:08:58,839] 51 root - INFO - Exited the save_object method of MainUtils class
[2025-01-20 17:08:58,839] 47 root - INFO - Entered the save_object method of MainUtils class
[2025-01-20 17:08:58,874] 51 root - INFO - Exited the save_object method of MainUtils class
[2025-01-20 17:08:58,874] 151 root - INFO - Model trainer artifact: ModelTrainerArtifact(trained_model_file_path='Artifacts\\01_20_2025_17_02_23\\model_trainer\\trained_model\\model.pkl', train_metric_artifact=ClassificationMetricArtifact(f1_score=0.991289375063304, precision_score=0.9889854486661277, recall_score=0.9936040609137056), test_metric_artifact=ClassificationMetricArtifact(f1_score=0.9870497774180493, precision_score=0.9842615012106537, recall_score=0.9898538961038961))
